<?xml version="1.0" encoding="utf-8"?><testsuites><testsuite name="pytest" errors="0" failures="0" skipped="0" tests="4" time="9.903" timestamp="2024-01-17T09:53:28.568214" hostname="int001"><testcase classname="tests.test_decorators" name="test_slurm_my_func" time="0.193" /><testcase classname="tests.test_decorators" name="test_dependencies" time="0.623" /><testcase classname="tests.test_decorators" name="test_update_slurm_options" time="0.063" /><testcase classname="tests.test_slurm_helpers" name="test_create_slurm_sbatch" time="0.000" /></testsuite></testsuites>